<?xml version="1.0" encoding="UTF-8"?>
<!-- Generated by org.testng.reporters.JUnitReportReporter -->
<testsuite hostname="DESKTOP-6PUN81S" failures="0" tests="11" name="runners.CucumberRunner" time="340.923" errors="2" timestamp="2024-11-13T00:14:05 IST" skipped="0">
  <testcase classname="runners.CucumberRunner" name="runScenario" time="12.635">
    <system-out>
      <![CDATA[Browser is opened
User is hover on the location and click on banglore
user is mouse hover on the buy link
Budget Homes is displayed]]>
    </system-out>
  </testcase> <!-- runScenario -->
  <testcase classname="runners.CucumberRunner" name="runScenario" time="27.206">
    <system-out>
      <![CDATA[Browser is opened
User is hover on the location and click on banglore
user is mouse hover on the buy link
Flat in Banglore Page is displayed
User is click on MenuBar Icon
Help Link is displayed
user is able to click on help link
user is able to click on Sales Enquiry
Sales Enquiry Page is displayed]]>
    </system-out>
  </testcase> <!-- runScenario -->
  <testcase classname="runners.CucumberRunner" name="runScenario" time="22.465">
    <system-out>
      <![CDATA[Browser is opened
User is hover on the location and click on banglore
user is mouse hover on the buy link
user is able to click on BudgetHomes and naviagted to the BudgetHomes Page
User is able to click on BudgetLink
user is able to select the ₹ 80 Lac Option
user is navigate to the₹ 80 LacPage]]>
    </system-out>
  </testcase> <!-- runScenario -->
  <testcase classname="runners.CucumberRunner" name="runScenario" time="18.680">
    <system-out>
      <![CDATA[Browser is opened
User is hover on the location and click on banglore
user is mouse hover on the buy link
user is able to click on BudgetHomes and naviagted to the BudgetHomes Page
User is able to click on BudgetLink
user is able to select the ₹ 1 Cr Option
user is navigate to the₹ 1 CrPage]]>
    </system-out>
  </testcase> <!-- runScenario -->
  <testcase classname="runners.CucumberRunner" name="runScenario" time="46.834">
    <system-out>
      <![CDATA[Browser is opened]]>
    </system-out>
  </testcase> <!-- runScenario -->
  <testcase classname="runners.CucumberRunner" name="runScenario" time="23.995">
    <system-out>
      <![CDATA[Browser is opened
User is hover on the location and click on banglore
user is mouse hover on the buy link
User is able to navigte the Premium Homes Page
user is able to click on terms and conditions link
user is able to navigate the terms and conditions page]]>
    </system-out>
  </testcase> <!-- runScenario -->
  <testcase classname="runners.CucumberRunner" name="runScenario" time="30.276">
    <system-out>
      <![CDATA[Browser is opened
User is hover on the location and click on banglore
user is mouse hover on the buy link
Flat in Banglore Page is displayed
User is click on MenuBar Icon
Help Link is displayed
user is able to click on help link
user clicks on help center and navigate to the help center page
user clicks on the Explore More Link
user click on manage calls/Alerts link and navigate to Manage Calls/Alters Page]]>
    </system-out>
  </testcase> <!-- runScenario -->
  <testcase classname="runners.CucumberRunner" name="runScenario" time="50.777">
    <error message="Unable to find element with locator By.xpath: //div[@class=&#039;onmodal__cross&#039;]
For documentation on this error, please visit: https://www.selenium.dev/documentation/webdriver/troubleshooting/errors#no-such-element-exception
Build info: version: &#039;4.16.1&#039;, revision: &#039;9b4c83354e&#039;
System info: os.name: &#039;Windows 11&#039;, os.arch: &#039;amd64&#039;, os.version: &#039;10.0&#039;, java.version: &#039;17.0.12&#039;
Driver info: driver.version: RemoteWebDriver" type="org.openqa.selenium.NoSuchElementException">
      <![CDATA[org.openqa.selenium.NoSuchElementException: Unable to find element with locator By.xpath: //div[@class='onmodal__cross']
For documentation on this error, please visit: https://www.selenium.dev/documentation/webdriver/troubleshooting/errors#no-such-element-exception
Build info: version: '4.16.1', revision: '9b4c83354e'
System info: os.name: 'Windows 11', os.arch: 'amd64', os.version: '10.0', java.version: '17.0.12'
Driver info: driver.version: RemoteWebDriver
at org.openqa.selenium.remote.ElementLocation$ElementFinder$2.findElement(ElementLocation.java:168)
at org.openqa.selenium.remote.ElementLocation.findElement(ElementLocation.java:59)
at org.openqa.selenium.remote.RemoteWebDriver.findElement(RemoteWebDriver.java:360)
at org.openqa.selenium.remote.RemoteWebDriver.findElement(RemoteWebDriver.java:354)
at stepDefinition.LoginBricks.user_should_be_able_to_click_on_continue(LoginBricks.java:49)
at ✽.user should be able to click on continue(file:///D:/MagicBricksBuy/./src/test/resources/featureData/loginBricks.feature:9)
]]>
    </error>
    <system-out>
      <![CDATA[Browser is opened]]>
    </system-out>
  </testcase> <!-- runScenario -->
  <testcase classname="runners.CucumberRunner" name="runScenario" time="19.536">
    <system-out>
      <![CDATA[Browser is opened
User is hover on the location and click on banglore
user is mouse hover on the buy link
user is able to click on BudgetHomes and naviagted to the BudgetHomes Page
User is able to click on BudgetLink
user is able to select the ₹ 2.0 Cr Option
user is navigate to the₹ 2.0 CrPage]]>
    </system-out>
  </testcase> <!-- runScenario -->
  <testcase classname="runners.CucumberRunner" name="runScenario" time="67.554">
    <error message="element click intercepted: Element &lt;span class=&quot;mb-srp__list-shortlist__close&quot;&gt;&lt;/span&gt; is not clickable at point (1051, 273). Other element would receive the click: &lt;div class=&quot;remProp-popup&quot;&gt;...&lt;/div&gt;
  (Session info: chrome=130.0.6723.69)
Build info: version: &#039;4.16.1&#039;, revision: &#039;9b4c83354e&#039;
System info: os.name: &#039;Windows 11&#039;, os.arch: &#039;amd64&#039;, os.version: &#039;10.0&#039;, java.version: &#039;17.0.12&#039;
Driver info: org.openqa.selenium.chrome.ChromeDriver
Command: [3efe969eb109e7a8777a880bbe46e712, clickElement {id=f.FD03C4C8D856FD9D0F4AD9D746AF32B6.d.467F6CF13F22686D6EB66FF60C1E4631.e.23}]
Capabilities {acceptInsecureCerts: false, browserName: chrome, browserVersion: 130.0.6723.69, chrome: {chromedriverVersion: 130.0.6723.116 (6ac35f94ae3..., userDataDir: C:\Users\Gowthami\AppData\L...}, fedcm:accounts: true, goog:chromeOptions: {debuggerAddress: localhost:52924}, networkConnectionEnabled: false, pageLoadStrategy: normal, platformName: windows, proxy: Proxy(), se:cdp: ws://localhost:52924/devtoo..., se:cdpVersion: 130.0.6723.69, setWindowRect: true, strictFileInteractability: false, timeouts: {implicit: 0, pageLoad: 300000, script: 30000}, unhandledPromptBehavior: dismiss and notify, webauthn:extension:credBlob: true, webauthn:extension:largeBlob: true, webauthn:extension:minPinLength: true, webauthn:extension:prf: true, webauthn:virtualAuthenticators: true}
Element: [[ChromeDriver: chrome on windows (3efe969eb109e7a8777a880bbe46e712)] -&gt; xpath: //span[@class=&#039;mb-srp__list-shortlist__close&#039;]]
Session ID: 3efe969eb109e7a8777a880bbe46e712" type="org.openqa.selenium.ElementClickInterceptedException">
      <![CDATA[org.openqa.selenium.ElementClickInterceptedException: element click intercepted: Element <span class="mb-srp__list-shortlist__close"></span> is not clickable at point (1051, 273). Other element would receive the click: <div class="remProp-popup">...</div>
  (Session info: chrome=130.0.6723.69)
Build info: version: '4.16.1', revision: '9b4c83354e'
System info: os.name: 'Windows 11', os.arch: 'amd64', os.version: '10.0', java.version: '17.0.12'
Driver info: org.openqa.selenium.chrome.ChromeDriver
Command: [3efe969eb109e7a8777a880bbe46e712, clickElement {id=f.FD03C4C8D856FD9D0F4AD9D746AF32B6.d.467F6CF13F22686D6EB66FF60C1E4631.e.23}]
Capabilities {acceptInsecureCerts: false, browserName: chrome, browserVersion: 130.0.6723.69, chrome: {chromedriverVersion: 130.0.6723.116 (6ac35f94ae3..., userDataDir: C:\Users\Gowthami\AppData\L...}, fedcm:accounts: true, goog:chromeOptions: {debuggerAddress: localhost:52924}, networkConnectionEnabled: false, pageLoadStrategy: normal, platformName: windows, proxy: Proxy(), se:cdp: ws://localhost:52924/devtoo..., se:cdpVersion: 130.0.6723.69, setWindowRect: true, strictFileInteractability: false, timeouts: {implicit: 0, pageLoad: 300000, script: 30000}, unhandledPromptBehavior: dismiss and notify, webauthn:extension:credBlob: true, webauthn:extension:largeBlob: true, webauthn:extension:minPinLength: true, webauthn:extension:prf: true, webauthn:virtualAuthenticators: true}
Element: [[ChromeDriver: chrome on windows (3efe969eb109e7a8777a880bbe46e712)] -> xpath: //span[@class='mb-srp__list-shortlist__close']]
Session ID: 3efe969eb109e7a8777a880bbe46e712
at java.base/jdk.internal.reflect.NativeConstructorAccessorImpl.newInstance0(Native Method)
at java.base/jdk.internal.reflect.NativeConstructorAccessorImpl.newInstance(NativeConstructorAccessorImpl.java:77)
at java.base/jdk.internal.reflect.DelegatingConstructorAccessorImpl.newInstance(DelegatingConstructorAccessorImpl.java:45)
at java.base/java.lang.reflect.Constructor.newInstanceWithCaller(Constructor.java:499)
at java.base/java.lang.reflect.Constructor.newInstance(Constructor.java:480)
at org.openqa.selenium.remote.codec.w3c.W3CHttpResponseCodec.createException(W3CHttpResponseCodec.java:200)
at org.openqa.selenium.remote.codec.w3c.W3CHttpResponseCodec.decode(W3CHttpResponseCodec.java:133)
at org.openqa.selenium.remote.codec.w3c.W3CHttpResponseCodec.decode(W3CHttpResponseCodec.java:52)
at org.openqa.selenium.remote.HttpCommandExecutor.execute(HttpCommandExecutor.java:191)
at org.openqa.selenium.remote.service.DriverCommandExecutor.invokeExecute(DriverCommandExecutor.java:200)
at org.openqa.selenium.remote.service.DriverCommandExecutor.execute(DriverCommandExecutor.java:175)
at org.openqa.selenium.remote.RemoteWebDriver.execute(RemoteWebDriver.java:523)
at org.openqa.selenium.remote.RemoteWebElement.execute(RemoteWebElement.java:224)
at org.openqa.selenium.remote.RemoteWebElement.click(RemoteWebElement.java:77)
at java.base/jdk.internal.reflect.NativeMethodAccessorImpl.invoke0(Native Method)
at java.base/jdk.internal.reflect.NativeMethodAccessorImpl.invoke(NativeMethodAccessorImpl.java:77)
at java.base/jdk.internal.reflect.DelegatingMethodAccessorImpl.invoke(DelegatingMethodAccessorImpl.java:43)
at java.base/java.lang.reflect.Method.invoke(Method.java:568)
at org.openqa.selenium.support.pagefactory.internal.LocatingElementHandler.invoke(LocatingElementHandler.java:51)
at jdk.proxy2/jdk.proxy2.$Proxy25.click(Unknown Source)
at stepDefinition.BookingFlat.user_should_be_able_to_click_on_the_wrong_button_and_click_on_yes(BookingFlat.java:71)
at ✽.user should be able to click on the wrong button and click on yes(file:///D:/MagicBricksBuy/./src/test/resources/featureData/background.feature:30)
]]>
    </error>
    <system-out>
      <![CDATA[Browser is opened
User is logged in
User is hover on the location and click on banglore
user is mouse hover on the buy link
user is able to click on BudgetHomes and naviagted to the BudgetHomes Page
user is click on BHK link
user is click on 1bhk link
user is click on like button
user is able to mouse hover on shortlist button
user is click on view your shortlist properties link]]>
    </system-out>
  </testcase> <!-- runScenario -->
  <testcase classname="runners.CucumberRunner" name="runScenario" time="20.965">
    <system-out>
      <![CDATA[Browser is opened
User is hover on the location and click on banglore
user is mouse hover on the buy link
User is able to navigte the Premium Homes Page
user is able to mouse hover on HomeLoans Link
user is click on the SBIHomeLoanEMICalculator Link and navigate to the SBIHomeLoanEMICalculator Page
user is click on RecalculateYourEMI button and calculate EMI amount]]>
    </system-out>
  </testcase> <!-- runScenario -->
  <system-out>
    <![CDATA[Browser is opened
User is hover on the location and click on banglore
user is mouse hover on the buy link
Flat in Banglore Page is displayed
User is click on MenuBar Icon
Help Link is displayed
user is able to click on help link
user is able to click on Sales Enquiry
Sales Enquiry Page is displayed
Browser is opened
User is logged in
User is hover on the location and click on banglore
user is mouse hover on the buy link
user is able to click on BudgetHomes and naviagted to the BudgetHomes Page
user is click on BHK link
user is click on 1bhk link
user is click on like button
user is able to mouse hover on shortlist button
user is click on view your shortlist properties link
Browser is opened
User is hover on the location and click on banglore
user is mouse hover on the buy link
user is able to click on BudgetHomes and naviagted to the BudgetHomes Page
User is able to click on BudgetLink
user is able to select the ₹ 80 Lac Option
user is navigate to the₹ 80 LacPage
Browser is opened
User is hover on the location and click on banglore
user is mouse hover on the buy link
user is able to click on BudgetHomes and naviagted to the BudgetHomes Page
User is able to click on BudgetLink
user is able to select the ₹ 1 Cr Option
user is navigate to the₹ 1 CrPage
Browser is opened
User is hover on the location and click on banglore
user is mouse hover on the buy link
user is able to click on BudgetHomes and naviagted to the BudgetHomes Page
User is able to click on BudgetLink
user is able to select the ₹ 2.0 Cr Option
user is navigate to the₹ 2.0 CrPage
Browser is opened
User is hover on the location and click on banglore
user is mouse hover on the buy link
Budget Homes is displayed
Browser is opened
User is hover on the location and click on banglore
user is mouse hover on the buy link
User is able to navigte the Premium Homes Page
user is able to mouse hover on HomeLoans Link
user is click on the SBIHomeLoanEMICalculator Link and navigate to the SBIHomeLoanEMICalculator Page
user is click on RecalculateYourEMI button and calculate EMI amount
Browser is opened
Browser is opened
User is hover on the location and click on banglore
user is mouse hover on the buy link
Flat in Banglore Page is displayed
User is click on MenuBar Icon
Help Link is displayed
user is able to click on help link
user clicks on help center and navigate to the help center page
user clicks on the Explore More Link
user click on manage calls/Alerts link and navigate to Manage Calls/Alters Page
Browser is opened
Browser is opened
User is hover on the location and click on banglore
user is mouse hover on the buy link
User is able to navigte the Premium Homes Page
user is able to click on terms and conditions link
user is able to navigate the terms and conditions page]]>
  </system-out>
</testsuite> <!-- runners.CucumberRunner -->
