<?xml version="1.0" encoding="UTF-8"?>
<!-- Generated by org.testng.reporters.JUnitReportReporter -->
<testsuite hostname="DESKTOP-6PUN81S" failures="0" tests="11" name="com.runners.CucumberRunner" time="330.171" errors="0" timestamp="2024-11-14T01:05:41 IST" skipped="0">
  <testcase classname="com.runners.CucumberRunner" name="runScenario" time="20.881">
    <system-out>
      <![CDATA[Browser is opened
User is hover on the location and click on banglore
user is mouse hover on the buy link
user is able to click on BudgetHomes and naviagted to the BudgetHomes Page
User is able to click on BudgetLink
user is able to select the ₹ 2.0 Cr Option
user is navigate to the ₹ 2.0 Cr Page]]>
    </system-out>
  </testcase> <!-- runScenario -->
  <testcase classname="com.runners.CucumberRunner" name="runScenario" time="22.130">
    <system-out>
      <![CDATA[Browser is opened
User is hover on the location and click on banglore
user is mouse hover on the buy link
User is able to navigte the Premium Homes Page
user is able to mouse hover on HomeLoans Link
user is click on the SBIHomeLoanEMICalculator Link and navigate to the SBIHomeLoanEMICalculator Page
user is able to change the LoanTenure Years
user is click on RecalculateYourEMI button and EMI amount is displayed]]>
    </system-out>
  </testcase> <!-- runScenario -->
  <testcase classname="com.runners.CucumberRunner" name="runScenario" time="28.166">
    <system-out>
      <![CDATA[Browser is opened
User is hover on the location and click on banglore
user is mouse hover on the buy link
Flat in Banglore Page is displayed
User is click on MenuBar Icon
Help Link is displayed
user is able to click on help link
user clicks on help center and navigate to the help center page
user clicks on the Explore More Link
user click on manage calls/Alerts link and navigate to Manage Calls/Alters Page
user is able to click on qustion and view tha answer]]>
    </system-out>
  </testcase> <!-- runScenario -->
  <testcase classname="com.runners.CucumberRunner" name="runScenario" time="0.007"/>
  <testcase classname="com.runners.CucumberRunner" name="runScenario" time="21.618">
    <system-out>
      <![CDATA[Browser is opened
User is hover on the location and click on banglore
user is mouse hover on the buy link
user is able to click on BudgetHomes and naviagted to the BudgetHomes Page
User is able to click on BudgetLink
user is able to select the ₹ 80 Lac Option
user is navigate to the ₹ 80 Lac Page]]>
    </system-out>
  </testcase> <!-- runScenario -->
  <testcase classname="com.runners.CucumberRunner" name="runScenario" time="15.022">
    <system-out>
      <![CDATA[Browser is opened
User is hover on the location and click on banglore
user is mouse hover on the buy link
Budget Homes is displayed]]>
    </system-out>
  </testcase> <!-- runScenario -->
  <testcase classname="com.runners.CucumberRunner" name="runScenario" time="47.891">
    <system-out>
      <![CDATA[Browser is opened
user is signed in]]>
    </system-out>
  </testcase> <!-- runScenario -->
  <testcase classname="com.runners.CucumberRunner" name="runScenario" time="26.437">
    <system-out>
      <![CDATA[Browser is opened
User is hover on the location and click on banglore
user is mouse hover on the buy link
Flat in Banglore Page is displayed
User is click on MenuBar Icon
Help Link is displayed
user is able to click on help link
user is able to click on Sales Enquiry
Sales Enquiry Page is displayed
user is able to click on terms and conditions link
user is able to navigate the terms and conditions page]]>
    </system-out>
  </testcase> <!-- runScenario -->
  <testcase classname="com.runners.CucumberRunner" name="runScenario" time="28.522">
    <system-out>
      <![CDATA[Browser is opened
User is hover on the location and click on banglore
user is mouse hover on the buy link
user is able to click on BudgetHomes and naviagted to the BudgetHomes Page
user is click on BHK link
user is click on 1bhk link
user is able to click on flat link
user is able to navigate the deatails of flat page]]>
    </system-out>
  </testcase> <!-- runScenario -->
  <testcase classname="com.runners.CucumberRunner" name="runScenario" time="98.678">
    <system-out>
      <![CDATA[Browser is opened
User is logged in
User is hover on the location and click on banglore
user is mouse hover on the buy link
user is able to click on BudgetHomes and naviagted to the BudgetHomes Page
user is click on BHK link
user is click on 1bhk link
user is click on like button
user is able to click on shortlist button
user is click on view your shortlist properties link
user is able to see the flat in shortlist page]]>
    </system-out>
  </testcase> <!-- runScenario -->
  <testcase classname="com.runners.CucumberRunner" name="runScenario" time="20.819">
    <system-out>
      <![CDATA[Browser is opened
User is hover on the location and click on banglore
user is mouse hover on the buy link
user is able to click on BudgetHomes and naviagted to the BudgetHomes Page
User is able to click on BudgetLink
user is able to select the ₹ 1 Cr Option
user is navigate to the ₹ 1 Cr Page]]>
    </system-out>
  </testcase> <!-- runScenario -->
  <system-out>
    <![CDATA[Browser is opened
User is logged in
User is hover on the location and click on banglore
user is mouse hover on the buy link
user is able to click on BudgetHomes and naviagted to the BudgetHomes Page
user is click on BHK link
user is click on 1bhk link
user is click on like button
user is able to click on shortlist button
user is click on view your shortlist properties link
user is able to see the flat in shortlist page
Browser is opened
User is hover on the location and click on banglore
user is mouse hover on the buy link
user is able to click on BudgetHomes and naviagted to the BudgetHomes Page
User is able to click on BudgetLink
user is able to select the ₹ 80 Lac Option
user is navigate to the ₹ 80 Lac Page
Browser is opened
User is hover on the location and click on banglore
user is mouse hover on the buy link
user is able to click on BudgetHomes and naviagted to the BudgetHomes Page
User is able to click on BudgetLink
user is able to select the ₹ 1 Cr Option
user is navigate to the ₹ 1 Cr Page
Browser is opened
User is hover on the location and click on banglore
user is mouse hover on the buy link
user is able to click on BudgetHomes and naviagted to the BudgetHomes Page
User is able to click on BudgetLink
user is able to select the ₹ 2.0 Cr Option
user is navigate to the ₹ 2.0 Cr Page
Browser is opened
User is hover on the location and click on banglore
user is mouse hover on the buy link
Budget Homes is displayed
Browser is opened
User is hover on the location and click on banglore
user is mouse hover on the buy link
user is able to click on BudgetHomes and naviagted to the BudgetHomes Page
user is click on BHK link
user is click on 1bhk link
user is able to click on flat link
user is able to navigate the deatails of flat page
Browser is opened
User is hover on the location and click on banglore
user is mouse hover on the buy link
User is able to navigte the Premium Homes Page
user is able to mouse hover on HomeLoans Link
user is click on the SBIHomeLoanEMICalculator Link and navigate to the SBIHomeLoanEMICalculator Page
user is able to change the LoanTenure Years
user is click on RecalculateYourEMI button and EMI amount is displayed
Browser is opened
User is hover on the location and click on banglore
user is mouse hover on the buy link
Flat in Banglore Page is displayed
User is click on MenuBar Icon
Help Link is displayed
user is able to click on help link
user clicks on help center and navigate to the help center page
user clicks on the Explore More Link
user click on manage calls/Alerts link and navigate to Manage Calls/Alters Page
user is able to click on qustion and view tha answer
Browser is opened
User is hover on the location and click on banglore
user is mouse hover on the buy link
Flat in Banglore Page is displayed
User is click on MenuBar Icon
Help Link is displayed
user is able to click on help link
user is able to click on Sales Enquiry
Sales Enquiry Page is displayed
user is able to click on terms and conditions link
user is able to navigate the terms and conditions page
Browser is opened
user is signed in]]>
  </system-out>
</testsuite> <!-- com.runners.CucumberRunner -->
